<?xml version="1.0" encoding="UTF-8"?>
<testsuite xmlns:xsi="http://www.w3.org/2001/XMLSchema-instance" xsi:noNamespaceSchemaLocation="https://maven.apache.org/surefire/maven-surefire-plugin/xsd/surefire-test-report-3.0.xsd" version="3.0" name="com.fdmgroup.stepdefinitions.CucumberRunner" time="221.441" tests="13" errors="0" skipped="0" failures="0">
  <properties>
[...]
</properties>
  <testcase name="User launches the TD Bank website" classname="As a user I want to verify navigation links in the TD website" time="20.252">
    <system-out><![CDATA[
@Navigation @RegressionTest @LaunchSite
Scenario: User launches the TD Bank website               &amp#27;[90m# src/test/resources/Feature/F1_NavigationTest.feature:13&amp#27;[0m
  &amp#27;[32mGiven &amp#27;[0m&amp#27;[32mUser launches the TD Bank website&amp#27;[0m                 &amp#27;[90m# com.fdmgroup.stepdefinitions.F1_NavigationTest_StepDefinition.user_launches_the_td_bank_website()&amp#27;[0m
  &amp#27;[32mAnd &amp#27;[0m&amp#27;[32mTD logo should be visible in the header&amp#27;[0m             &amp#27;[90m# com.fdmgroup.stepdefinitions.F1_NavigationTest_StepDefinition.td_logo_should_be_visible_in_the_header()&amp#27;[0m
  &amp#27;[32mAnd &amp#27;[0m&amp#27;[32mUser should see all the top menu links displayed&amp#27;[0m    &amp#27;[90m# com.fdmgroup.stepdefinitions.F1_NavigationTest_StepDefinition.user_should_see_all_the_top_menu_links_displayed()&amp#27;[0m
Clicking menu: Accounts
  &amp#27;[32mWhen &amp#27;[0m&amp#27;[32mUser clicks on &amp#27;[0m&amp#27;[32m&amp#27;[1m"Accounts"&amp#27;[0m&amp#27;[32m menu from top navigation&amp#27;[0m &amp#27;[90m# com.fdmgroup.stepdefinitions.F1_NavigationTest_StepDefinition.user_clicks_on_menu_from_top_navigation(java.lang.String)&amp#27;[0m
]]></system-out>
  </testcase>
  <testcase name="Launch site and click a top navigation menu item #1" classname="As a user I want to verify navigation links in the TD website" time="15.144">
    <system-out><![CDATA[
@Navigation @RegressionTest @MultipleNavigation
Scenario Outline: Launch site and click a top navigation menu item &amp#27;[90m# src/test/resources/Feature/F1_NavigationTest.feature:24&amp#27;[0m
  &amp#27;[32mGiven &amp#27;[0m&amp#27;[32mUser launches the TD Bank website&amp#27;[0m                          &amp#27;[90m# com.fdmgroup.stepdefinitions.F1_NavigationTest_StepDefinition.user_launches_the_td_bank_website()&amp#27;[0m
  &amp#27;[32mAnd &amp#27;[0m&amp#27;[32mTD logo should be visible in the header&amp#27;[0m                      &amp#27;[90m# com.fdmgroup.stepdefinitions.F1_NavigationTest_StepDefinition.td_logo_should_be_visible_in_the_header()&amp#27;[0m
  &amp#27;[32mAnd &amp#27;[0m&amp#27;[32mUser should see all the top menu links displayed&amp#27;[0m             &amp#27;[90m# com.fdmgroup.stepdefinitions.F1_NavigationTest_StepDefinition.user_should_see_all_the_top_menu_links_displayed()&amp#27;[0m
Clicking menu: Credit Cards
  &amp#27;[32mWhen &amp#27;[0m&amp#27;[32mUser clicks on &amp#27;[0m&amp#27;[32m&amp#27;[1m"Credit Cards"&amp#27;[0m&amp#27;[32m menu from top navigation&amp#27;[0m      &amp#27;[90m# com.fdmgroup.stepdefinitions.F1_NavigationTest_StepDefinition.user_clicks_on_menu_from_top_navigation(java.lang.String)&amp#27;[0m
]]></system-out>
  </testcase>
  <testcase name="Launch site and click a top navigation menu item #2" classname="As a user I want to verify navigation links in the TD website" time="14.775">
    <system-out><![CDATA[
@Navigation @RegressionTest @MultipleNavigation
Scenario Outline: Launch site and click a top navigation menu item &amp#27;[90m# src/test/resources/Feature/F1_NavigationTest.feature:25&amp#27;[0m
  &amp#27;[32mGiven &amp#27;[0m&amp#27;[32mUser launches the TD Bank website&amp#27;[0m                          &amp#27;[90m# com.fdmgroup.stepdefinitions.F1_NavigationTest_StepDefinition.user_launches_the_td_bank_website()&amp#27;[0m
  &amp#27;[32mAnd &amp#27;[0m&amp#27;[32mTD logo should be visible in the header&amp#27;[0m                      &amp#27;[90m# com.fdmgroup.stepdefinitions.F1_NavigationTest_StepDefinition.td_logo_should_be_visible_in_the_header()&amp#27;[0m
  &amp#27;[32mAnd &amp#27;[0m&amp#27;[32mUser should see all the top menu links displayed&amp#27;[0m             &amp#27;[90m# com.fdmgroup.stepdefinitions.F1_NavigationTest_StepDefinition.user_should_see_all_the_top_menu_links_displayed()&amp#27;[0m
Clicking menu: Mortgages
  &amp#27;[32mWhen &amp#27;[0m&amp#27;[32mUser clicks on &amp#27;[0m&amp#27;[32m&amp#27;[1m"Mortgages"&amp#27;[0m&amp#27;[32m menu from top navigation&amp#27;[0m         &amp#27;[90m# com.fdmgroup.stepdefinitions.F1_NavigationTest_StepDefinition.user_clicks_on_menu_from_top_navigation(java.lang.String)&amp#27;[0m
]]></system-out>
  </testcase>
  <testcase name="Launch site and click a top navigation menu item #3" classname="As a user I want to verify navigation links in the TD website" time="15.318">
    <system-out><![CDATA[
@Navigation @RegressionTest @MultipleNavigation
Scenario Outline: Launch site and click a top navigation menu item &amp#27;[90m# src/test/resources/Feature/F1_NavigationTest.feature:26&amp#27;[0m
  &amp#27;[32mGiven &amp#27;[0m&amp#27;[32mUser launches the TD Bank website&amp#27;[0m                          &amp#27;[90m# com.fdmgroup.stepdefinitions.F1_NavigationTest_StepDefinition.user_launches_the_td_bank_website()&amp#27;[0m
  &amp#27;[32mAnd &amp#27;[0m&amp#27;[32mTD logo should be visible in the header&amp#27;[0m                      &amp#27;[90m# com.fdmgroup.stepdefinitions.F1_NavigationTest_StepDefinition.td_logo_should_be_visible_in_the_header()&amp#27;[0m
  &amp#27;[32mAnd &amp#27;[0m&amp#27;[32mUser should see all the top menu links displayed&amp#27;[0m             &amp#27;[90m# com.fdmgroup.stepdefinitions.F1_NavigationTest_StepDefinition.user_should_see_all_the_top_menu_links_displayed()&amp#27;[0m
Clicking menu: Borrowing
  &amp#27;[32mWhen &amp#27;[0m&amp#27;[32mUser clicks on &amp#27;[0m&amp#27;[32m&amp#27;[1m"Borrowing"&amp#27;[0m&amp#27;[32m menu from top navigation&amp#27;[0m         &amp#27;[90m# com.fdmgroup.stepdefinitions.F1_NavigationTest_StepDefinition.user_clicks_on_menu_from_top_navigation(java.lang.String)&amp#27;[0m
]]></system-out>
  </testcase>
  <testcase name="Launch site and click a top navigation menu item #4" classname="As a user I want to verify navigation links in the TD website" time="14.889">
    <system-out><![CDATA[
@Navigation @RegressionTest @MultipleNavigation
Scenario Outline: Launch site and click a top navigation menu item  &amp#27;[90m# src/test/resources/Feature/F1_NavigationTest.feature:27&amp#27;[0m
  &amp#27;[32mGiven &amp#27;[0m&amp#27;[32mUser launches the TD Bank website&amp#27;[0m                           &amp#27;[90m# com.fdmgroup.stepdefinitions.F1_NavigationTest_StepDefinition.user_launches_the_td_bank_website()&amp#27;[0m
  &amp#27;[32mAnd &amp#27;[0m&amp#27;[32mTD logo should be visible in the header&amp#27;[0m                       &amp#27;[90m# com.fdmgroup.stepdefinitions.F1_NavigationTest_StepDefinition.td_logo_should_be_visible_in_the_header()&amp#27;[0m
  &amp#27;[32mAnd &amp#27;[0m&amp#27;[32mUser should see all the top menu links displayed&amp#27;[0m              &amp#27;[90m# com.fdmgroup.stepdefinitions.F1_NavigationTest_StepDefinition.user_should_see_all_the_top_menu_links_displayed()&amp#27;[0m
Clicking menu: Personal Investing
  &amp#27;[32mWhen &amp#27;[0m&amp#27;[32mUser clicks on &amp#27;[0m&amp#27;[32m&amp#27;[1m"Personal Investing"&amp#27;[0m&amp#27;[32m menu from top navigation&amp#27;[0m &amp#27;[90m# com.fdmgroup.stepdefinitions.F1_NavigationTest_StepDefinition.user_clicks_on_menu_from_top_navigation(java.lang.String)&amp#27;[0m
]]></system-out>
  </testcase>
  <testcase name="Launch site and click a top navigation menu item #5" classname="As a user I want to verify navigation links in the TD website" time="14.803">
    <system-out><![CDATA[
@Navigation @RegressionTest @MultipleNavigation
Scenario Outline: Launch site and click a top navigation menu item &amp#27;[90m# src/test/resources/Feature/F1_NavigationTest.feature:28&amp#27;[0m
  &amp#27;[32mGiven &amp#27;[0m&amp#27;[32mUser launches the TD Bank website&amp#27;[0m                          &amp#27;[90m# com.fdmgroup.stepdefinitions.F1_NavigationTest_StepDefinition.user_launches_the_td_bank_website()&amp#27;[0m
  &amp#27;[32mAnd &amp#27;[0m&amp#27;[32mTD logo should be visible in the header&amp#27;[0m                      &amp#27;[90m# com.fdmgroup.stepdefinitions.F1_NavigationTest_StepDefinition.td_logo_should_be_visible_in_the_header()&amp#27;[0m
  &amp#27;[32mAnd &amp#27;[0m&amp#27;[32mUser should see all the top menu links displayed&amp#27;[0m             &amp#27;[90m# com.fdmgroup.stepdefinitions.F1_NavigationTest_StepDefinition.user_should_see_all_the_top_menu_links_displayed()&amp#27;[0m
Clicking menu: Insurance
  &amp#27;[32mWhen &amp#27;[0m&amp#27;[32mUser clicks on &amp#27;[0m&amp#27;[32m&amp#27;[1m"Insurance"&amp#27;[0m&amp#27;[32m menu from top navigation&amp#27;[0m         &amp#27;[90m# com.fdmgroup.stepdefinitions.F1_NavigationTest_StepDefinition.user_clicks_on_menu_from_top_navigation(java.lang.String)&amp#27;[0m
]]></system-out>
  </testcase>
  <testcase name="Launch site and click a top navigation menu item #6" classname="As a user I want to verify navigation links in the TD website" time="15.139">
    <system-out><![CDATA[
@Navigation @RegressionTest @MultipleNavigation
Scenario Outline: Launch site and click a top navigation menu item &amp#27;[90m# src/test/resources/Feature/F1_NavigationTest.feature:29&amp#27;[0m
  &amp#27;[32mGiven &amp#27;[0m&amp#27;[32mUser launches the TD Bank website&amp#27;[0m                          &amp#27;[90m# com.fdmgroup.stepdefinitions.F1_NavigationTest_StepDefinition.user_launches_the_td_bank_website()&amp#27;[0m
  &amp#27;[32mAnd &amp#27;[0m&amp#27;[32mTD logo should be visible in the header&amp#27;[0m                      &amp#27;[90m# com.fdmgroup.stepdefinitions.F1_NavigationTest_StepDefinition.td_logo_should_be_visible_in_the_header()&amp#27;[0m
  &amp#27;[32mAnd &amp#27;[0m&amp#27;[32mUser should see all the top menu links displayed&amp#27;[0m             &amp#27;[90m# com.fdmgroup.stepdefinitions.F1_NavigationTest_StepDefinition.user_should_see_all_the_top_menu_links_displayed()&amp#27;[0m
Clicking menu: Advice
  &amp#27;[32mWhen &amp#27;[0m&amp#27;[32mUser clicks on &amp#27;[0m&amp#27;[32m&amp#27;[1m"Advice"&amp#27;[0m&amp#27;[32m menu from top navigation&amp#27;[0m            &amp#27;[90m# com.fdmgroup.stepdefinitions.F1_NavigationTest_StepDefinition.user_clicks_on_menu_from_top_navigation(java.lang.String)&amp#27;[0m
]]></system-out>
  </testcase>
  <testcase name="Navigate to Chequing Accounts and verify product list" classname="As a user I want to verify navigation links in the TD website" time="18.779">
    <system-out><![CDATA[
@Navigation @RegressionTest @ChequingProducts
Scenario: Navigate to Chequing Accounts and verify product list &amp#27;[90m# src/test/resources/Feature/F1_NavigationTest.feature:33&amp#27;[0m
  &amp#27;[32mGiven &amp#27;[0m&amp#27;[32mUser launches the TD Bank website&amp#27;[0m                       &amp#27;[90m# com.fdmgroup.stepdefinitions.F1_NavigationTest_StepDefinition.user_launches_the_td_bank_website()&amp#27;[0m
  &amp#27;[32mAnd &amp#27;[0m&amp#27;[32mTD logo should be visible in the header&amp#27;[0m                   &amp#27;[90m# com.fdmgroup.stepdefinitions.F1_NavigationTest_StepDefinition.td_logo_should_be_visible_in_the_header()&amp#27;[0m
  &amp#27;[32mAnd &amp#27;[0m&amp#27;[32mUser should see all the top menu links displayed&amp#27;[0m          &amp#27;[90m# com.fdmgroup.stepdefinitions.F1_NavigationTest_StepDefinition.user_should_see_all_the_top_menu_links_displayed()&amp#27;[0m
Clicking menu: Accounts
  &amp#27;[32mWhen &amp#27;[0m&amp#27;[32mUser clicks on &amp#27;[0m&amp#27;[32m&amp#27;[1m"Accounts"&amp#27;[0m&amp#27;[32m menu from top navigation&amp#27;[0m       &amp#27;[90m# com.fdmgroup.stepdefinitions.F1_NavigationTest_StepDefinition.user_clicks_on_menu_from_top_navigation(java.lang.String)&amp#27;[0m
  &amp#27;[32mAnd &amp#27;[0m&amp#27;[32mUser clicks &amp#27;[0m&amp#27;[32m&amp#27;[1m"Chequing"&amp#27;[0m&amp#27;[32m from the Accounts submenu&amp#27;[0m          &amp#27;[90m# com.fdmgroup.stepdefinitions.F1_NavigationTest_StepDefinition.user_clicks_from_the_accounts_submenu(java.lang.String)&amp#27;[0m
  &amp#27;[32mThen &amp#27;[0m&amp#27;[32mThe page URL should contain &amp#27;[0m&amp#27;[32m&amp#27;[1m"chequing-accounts"&amp#27;[0m          &amp#27;[90m# com.fdmgroup.stepdefinitions.F2_HeaderUtilities_StepDefinition.the_page_url_should_contain(java.lang.String)&amp#27;[0m
Expected Products: [TD All-Inclusive Banking Plan, TD Unlimited Chequing Account, TD Every Day Chequing Account, TD Minimum Chequing Account, TD Student Chequing Account]
Actual Products:   [TD All-Inclusive Banking Plan, TD Unlimited Chequing Account, TD Every Day Chequing Account, TD Minimum Chequing Account, TD Student Chequing Account]
All expected Chequing products are displayed correctly.
  &amp#27;[32mAnd &amp#27;[0m&amp#27;[32mThe Chequing products should include:&amp#27;[0m                     &amp#27;[90m# com.fdmgroup.stepdefinitions.F1_NavigationTest_StepDefinition.the_chequing_products_should_include(io.cucumber.datatable.DataTable)&amp#27;[0m
    | TD All-Inclusive Banking Plan |
    | TD Unlimited Chequing Account |
    | TD Every Day Chequing Account |
    | TD Minimum Chequing Account   |
    | TD Student Chequing Account   |
]]></system-out>
  </testcase>
  <testcase name="Switch site language to Français from the header" classname="As a user I want to verify that the language, country, and contact options in the TD website header work correctly" time="10.926">
    <system-out><![CDATA[
@HeaderUtils @RegressionTest @LanguageSwitcher
Scenario: Switch site language to Français from the header                &amp#27;[90m# src/test/resources/Feature/F2_HeaderUtilities.feature:11&amp#27;[0m
  &amp#27;[32mGiven &amp#27;[0m&amp#27;[32mUser launches the TD Bank website&amp#27;[0m                                 &amp#27;[90m# com.fdmgroup.stepdefinitions.F1_NavigationTest_StepDefinition.user_launches_the_td_bank_website()&amp#27;[0m
  &amp#27;[32mWhen &amp#27;[0m&amp#27;[32mThe User opens the Language selector in the header&amp#27;[0m                 &amp#27;[90m# com.fdmgroup.stepdefinitions.F2_HeaderUtilities_StepDefinition.the_user_opens_the_language_selector_in_the_header()&amp#27;[0m
  &amp#27;[32mAnd &amp#27;[0m&amp#27;[32mThe User clicks &amp#27;[0m&amp#27;[32m&amp#27;[1m"Français"&amp#27;[0m&amp#27;[32m in the Language options&amp#27;[0m                  &amp#27;[90m# com.fdmgroup.stepdefinitions.F2_HeaderUtilities_StepDefinition.the_user_clicks_in_the_language_options(java.lang.String)&amp#27;[0m
  &amp#27;[32mThen &amp#27;[0m&amp#27;[32mThe page URL should contain &amp#27;[0m&amp#27;[32m&amp#27;[1m"/ca/fr/services-bancaires-personnels"&amp#27;[0m &amp#27;[90m# com.fdmgroup.stepdefinitions.F2_HeaderUtilities_StepDefinition.the_page_url_should_contain(java.lang.String)&amp#27;[0m
]]></system-out>
  </testcase>
  <testcase name="Switch site country to United States from the header" classname="As a user I want to verify that the language, country, and contact options in the TD website header work correctly" time="11.968">
    <system-out><![CDATA[
@HeaderUtils @RegressionTest @CountrySwitcher
Scenario: Switch site country to United States from the header &amp#27;[90m# src/test/resources/Feature/F2_HeaderUtilities.feature:18&amp#27;[0m
  &amp#27;[32mGiven &amp#27;[0m&amp#27;[32mUser launches the TD Bank website&amp#27;[0m                      &amp#27;[90m# com.fdmgroup.stepdefinitions.F1_NavigationTest_StepDefinition.user_launches_the_td_bank_website()&amp#27;[0m
  &amp#27;[32mWhen &amp#27;[0m&amp#27;[32mThe User opens the Country selector in the header&amp#27;[0m       &amp#27;[90m# com.fdmgroup.stepdefinitions.F2_HeaderUtilities_StepDefinition.the_user_opens_the_country_selector_in_the_header()&amp#27;[0m
  &amp#27;[32mAnd &amp#27;[0m&amp#27;[32mThe User clicks &amp#27;[0m&amp#27;[32m&amp#27;[1m"United States"&amp#27;[0m&amp#27;[32m in the Country options&amp#27;[0m   &amp#27;[90m# com.fdmgroup.stepdefinitions.F2_HeaderUtilities_StepDefinition.the_user_clicks_in_the_country_options(java.lang.String)&amp#27;[0m
  &amp#27;[32mThen &amp#27;[0m&amp#27;[32mThe page URL should contain &amp#27;[0m&amp#27;[32m&amp#27;[1m"/us/en/personal-banking"&amp#27;[0m   &amp#27;[90m# com.fdmgroup.stepdefinitions.F2_HeaderUtilities_StepDefinition.the_page_url_should_contain(java.lang.String)&amp#27;[0m
]]></system-out>
  </testcase>
  <testcase name="From TD homepage, scroll down and use Contact Us dropdown" classname="As a user I want to verify that the language, country, and contact options in the TD website header work correctly" time="17.096">
    <system-out><![CDATA[
@HeaderUtils @RegressionTest @ContactUs
Scenario: From TD homepage, scroll down and use Contact Us dropdown &amp#27;[90m# src/test/resources/Feature/F2_HeaderUtilities.feature:25&amp#27;[0m
  &amp#27;[32mGiven &amp#27;[0m&amp#27;[32mUser launches the TD Bank website&amp#27;[0m                           &amp#27;[90m# com.fdmgroup.stepdefinitions.F1_NavigationTest_StepDefinition.user_launches_the_td_bank_website()&amp#27;[0m
Accepted cookie banner.
  &amp#27;[32mWhen &amp#27;[0m&amp#27;[32mThe User accepts the cookie consent if displayed&amp#27;[0m             &amp#27;[90m# com.fdmgroup.stepdefinitions.F2_HeaderUtilities_StepDefinition.the_user_accepts_the_cookie_consent_if_displayed()&amp#27;[0m
  &amp#27;[32mAnd &amp#27;[0m&amp#27;[32mThe User scrolls to and clicks &amp#27;[0m&amp#27;[32m&amp#27;[1m"Call us"&amp#27;[0m&amp#27;[32m at the bottom&amp#27;[0m        &amp#27;[90m# com.fdmgroup.stepdefinitions.F2_HeaderUtilities_StepDefinition.the_user_scrolls_to_and_clicks_at_the_bottom(java.lang.String)&amp#27;[0m
Selected option: Credit Cards
  &amp#27;[32mAnd &amp#27;[0m&amp#27;[32mThe User selects &amp#27;[0m&amp#27;[32m&amp#27;[1m"Credit Cards"&amp#27;[0m&amp#27;[32m from the Contact Us dropdown&amp#27;[0m  &amp#27;[90m# com.fdmgroup.stepdefinitions.F2_HeaderUtilities_StepDefinition.the_user_selects_from_the_contact_us_dropdown(java.lang.String)&amp#27;[0m
Selected option is: Credit Cards
  &amp#27;[32mThen &amp#27;[0m&amp#27;[32mThe selected option should be displayed as &amp#27;[0m&amp#27;[32m&amp#27;[1m"Credit Cards"&amp#27;[0m    &amp#27;[90m# com.fdmgroup.stepdefinitions.F2_HeaderUtilities_StepDefinition.the_selected_option_should_be_displayed_as(java.lang.String)&amp#27;[0m
]]></system-out>
  </testcase>
  <testcase name="EasyWeb shows an error for invalid credentials" classname="As a user I want to verify the EasyWeb login and registration process on the TD website" time="21.803">
    <system-out><![CDATA[
@Registration @RegressionTest @EasyWebLoginError
Scenario: EasyWeb shows an error for invalid credentials                   &amp#27;[90m# src/test/resources/Feature/F3_Registration.feature:14&amp#27;[0m
  &amp#27;[32mGiven &amp#27;[0m&amp#27;[32mUser launches the TD Bank website&amp#27;[0m                                  &amp#27;[90m# com.fdmgroup.stepdefinitions.F1_NavigationTest_StepDefinition.user_launches_the_td_bank_website()&amp#27;[0m
  &amp#27;[32mWhen &amp#27;[0m&amp#27;[32mThe user opens the Login dropdown in the header&amp#27;[0m                     &amp#27;[90m# com.fdmgroup.stepdefinitions.F3_Registration_StepDefinition.the_user_opens_the_login_dropdown_in_the_header()&amp#27;[0m
  &amp#27;[32mAnd &amp#27;[0m&amp#27;[32mThe user clicks &amp#27;[0m&amp#27;[32m&amp#27;[1m"EasyWeb"&amp#27;[0m&amp#27;[32m under Login&amp#27;[0m                                &amp#27;[90m# com.fdmgroup.stepdefinitions.F3_Registration_StepDefinition.the_user_clicks_under_login(java.lang.String)&amp#27;[0m
  &amp#27;[32mThen &amp#27;[0m&amp#27;[32mThe page URL should contain &amp#27;[0m&amp#27;[32m&amp#27;[1m"authentication.td.com/uap-ui"&amp#27;[0m          &amp#27;[90m# com.fdmgroup.stepdefinitions.F2_HeaderUtilities_StepDefinition.the_page_url_should_contain(java.lang.String)&amp#27;[0m
Accepted cookie banner.
  &amp#27;[32mWhen &amp#27;[0m&amp#27;[32mThe user accepts the cookie consent when it is displayed&amp#27;[0m            &amp#27;[90m# com.fdmgroup.stepdefinitions.F3_Registration_StepDefinition.the_user_accepts_the_cookie_consent_when_it_is_displayed()&amp#27;[0m
  &amp#27;[32mWhen &amp#27;[0m&amp#27;[32mThe user types username &amp#27;[0m&amp#27;[32m&amp#27;[1m"fakeuser123"&amp#27;[0m&amp#27;[32m on EasyWeb&amp#27;[0m                    &amp#27;[90m# com.fdmgroup.stepdefinitions.F3_Registration_StepDefinition.the_user_types_username_on_easy_web(java.lang.String)&amp#27;[0m
  &amp#27;[32mAnd &amp#27;[0m&amp#27;[32mThe user types password &amp#27;[0m&amp#27;[32m&amp#27;[1m"badPass!123"&amp#27;[0m&amp#27;[32m on EasyWeb&amp#27;[0m                     &amp#27;[90m# com.fdmgroup.stepdefinitions.F3_Registration_StepDefinition.the_user_types_password_on_easy_web(java.lang.String)&amp#27;[0m
  &amp#27;[32mAnd &amp#27;[0m&amp#27;[32mThe user clicks the EasyWeb &amp#27;[0m&amp#27;[32m&amp#27;[1m"Login"&amp#27;[0m&amp#27;[32m button&amp#27;[0m                           &amp#27;[90m# com.fdmgroup.stepdefinitions.F3_Registration_StepDefinition.the_user_clicks_the_easy_web_button(java.lang.String)&amp#27;[0m
Inline error: Sorry, your login entry doesn't match our records. Please try again.
  &amp#27;[32mThen &amp#27;[0m&amp#27;[32mThe EasyWeb inline error should contain &amp#27;[0m&amp#27;[32m&amp#27;[1m"doesn't match our records"&amp#27;[0m &amp#27;[90m# com.fdmgroup.stepdefinitions.F3_Registration_StepDefinition.the_easy_web_inline_error_should_contain(java.lang.String)&amp#27;[0m
]]></system-out>
  </testcase>
  <testcase name="Navigate from Login → EasyWeb → Registration form" classname="As a user I want to verify the EasyWeb login and registration process on the TD website" time="28.36">
    <system-out><![CDATA[
@Registration @RegressionTest @AccessRegistrationPage
Scenario: Navigate from Login → EasyWeb → Registration form                                        &amp#27;[90m# src/test/resources/Feature/F3_Registration.feature:23&amp#27;[0m
  &amp#27;[32mGiven &amp#27;[0m&amp#27;[32mUser launches the TD Bank website&amp#27;[0m                                                          &amp#27;[90m# com.fdmgroup.stepdefinitions.F1_NavigationTest_StepDefinition.user_launches_the_td_bank_website()&amp#27;[0m
  &amp#27;[32mWhen &amp#27;[0m&amp#27;[32mThe user opens the Login dropdown in the header&amp#27;[0m                                             &amp#27;[90m# com.fdmgroup.stepdefinitions.F3_Registration_StepDefinition.the_user_opens_the_login_dropdown_in_the_header()&amp#27;[0m
  &amp#27;[32mAnd &amp#27;[0m&amp#27;[32mThe user clicks &amp#27;[0m&amp#27;[32m&amp#27;[1m"EasyWeb"&amp#27;[0m&amp#27;[32m under Login&amp#27;[0m                                                        &amp#27;[90m# com.fdmgroup.stepdefinitions.F3_Registration_StepDefinition.the_user_clicks_under_login(java.lang.String)&amp#27;[0m
  &amp#27;[32mThen &amp#27;[0m&amp#27;[32mThe page URL should contain &amp#27;[0m&amp#27;[32m&amp#27;[1m"authentication.td.com/uap-ui"&amp#27;[0m                                  &amp#27;[90m# com.fdmgroup.stepdefinitions.F2_HeaderUtilities_StepDefinition.the_page_url_should_contain(java.lang.String)&amp#27;[0m
  &amp#27;[32mWhen &amp#27;[0m&amp#27;[32mThe user clicks the &amp#27;[0m&amp#27;[32m&amp#27;[1m"Register Online Now"&amp#27;[0m&amp#27;[32m button on the EasyWeb page&amp#27;[0m                        &amp#27;[90m# com.fdmgroup.stepdefinitions.F3_Registration_StepDefinition.the_user_clicks_the_button_on_the_auth_page(java.lang.String)&amp#27;[0m
Accepted cookie banner.
  &amp#27;[32mWhen &amp#27;[0m&amp#27;[32mThe user accepts the cookie consent when displayed&amp#27;[0m                                          &amp#27;[90m# com.fdmgroup.stepdefinitions.F3_Registration_StepDefinition.the_user_accepts_the_cookie_consent_when_displayed()&amp#27;[0m
  &amp#27;[32mAnd &amp#27;[0m&amp#27;[32mThe user scrolls to and clicks &amp#27;[0m&amp#27;[32m&amp#27;[1m"Register"&amp#27;[0m&amp#27;[32m button&amp#27;[0m                                             &amp#27;[90m# com.fdmgroup.stepdefinitions.F3_Registration_StepDefinition.the_user_scrolls_to_and_clicks_at_the_bottom(java.lang.String)&amp#27;[0m
Header text found: Digital Banking Registration: Personal Information
  &amp#27;[32mThen &amp#27;[0m&amp#27;[32mThe registration header should display &amp#27;[0m&amp#27;[32m&amp#27;[1m"Digital Banking Registration: Personal Information"&amp#27;[0m &amp#27;[90m# com.fdmgroup.stepdefinitions.F3_Registration_StepDefinition.the_registration_header_should_display(java.lang.String)&amp#27;[0m
]]></system-out>
  </testcase>
</testsuite>